B:\APPS\FCWIZARD\UI\ERRMSG.H
B:\APPS\FCWIZARD\UI\PAGE1.H
B:\APPS\FCWIZARD\UI\PAGE2.H
B:\APPS\FCWIZARD\UI\PAGE2BADFILE.H
B:\APPS\FCWIZARD\UI\PAGE3.H
B:\APPS\FCWIZARD\UI\PAGE3ADDNEWVAR.H
B:\APPS\FCWIZARD\UI\PAGE3ADV.H
B:\APPS\FCWIZARD\UI\PAGE3CMT.H
B:\APPS\FCWIZARD\UI\PAGE4.H
B:\APPS\FCWIZARD\UI\PAGE4ADV.H
B:\APPS\MOC\MOC_CREATEVDFADDNEWVAR.CPP
B:\APPS\MOC\MOC_CREATEVDFADVANCED.CPP
B:\APPS\MOC\MOC_CREATEVDFCOMMENT.CPP
B:\APPS\MOC\MOC_CREATEVDFPAGE.CPP
B:\APPS\MOC\MOC_DATAHOLDER.CPP
B:\APPS\MOC\MOC_ERRORMESSAGE.CPP
B:\APPS\MOC\MOC_FCWIZARD.CPP
B:\APPS\MOC\MOC_INTROPAGE.CPP
B:\APPS\MOC\MOC_POPDATAADVANCED.CPP
B:\APPS\MOC\MOC_POPULATEDATAPAGE.CPP
B:\APPS\MOC\MOC_SELECTFILEPAGE.CPP
B:\APPS\MOC\MOC_VDFBADFILE.CPP
B:\make\win32\common\x64\Debug\fcwizard.pdb
B:\make\win32\fcwizard\x64\Debug\cl.command.1.tlog
B:\make\win32\fcwizard\x64\Debug\CL.read.1.tlog
B:\make\win32\fcwizard\x64\Debug\CL.write.1.tlog
B:\MAKE\WIN32\FCWIZARD\X64\DEBUG\CREATEVDFADDNEWVAR.OBJ
B:\MAKE\WIN32\FCWIZARD\X64\DEBUG\CREATEVDFADVANCED.OBJ
B:\MAKE\WIN32\FCWIZARD\X64\DEBUG\CREATEVDFCOMMENT.OBJ
B:\MAKE\WIN32\FCWIZARD\X64\DEBUG\CREATEVDFPAGE.OBJ
B:\make\win32\fcwizard\x64\Debug\custombuild.command.1.tlog
B:\make\win32\fcwizard\x64\Debug\custombuild.read.1.tlog
B:\make\win32\fcwizard\x64\Debug\custombuild.write.1.tlog
B:\MAKE\WIN32\FCWIZARD\X64\DEBUG\DATAHOLDER.OBJ
B:\MAKE\WIN32\FCWIZARD\X64\DEBUG\ERRORMESSAGE.OBJ
B:\make\win32\fcwizard\x64\Debug\fcwizard.exe.embed.manifest
B:\make\win32\fcwizard\x64\Debug\fcwizard.exe.embed.manifest.res
B:\make\win32\fcwizard\x64\Debug\fcwizard.exe.intermediate.manifest
B:\MAKE\WIN32\FCWIZARD\X64\DEBUG\FCWIZARD.OBJ
B:\make\win32\fcwizard\x64\Debug\fcwizard.write.1.tlog
B:\make\win32\fcwizard\x64\Debug\fcwizard_manifest.rc
B:\MAKE\WIN32\FCWIZARD\X64\DEBUG\INTROPAGE.OBJ
B:\make\win32\fcwizard\x64\Debug\link.command.1.tlog
B:\make\win32\fcwizard\x64\Debug\link.read.1.tlog
B:\make\win32\fcwizard\x64\Debug\link.write.1.tlog
B:\make\win32\fcwizard\x64\Debug\link-cvtres.read.1.tlog
B:\make\win32\fcwizard\x64\Debug\link-cvtres.write.1.tlog
B:\MAKE\WIN32\FCWIZARD\X64\DEBUG\MAIN.OBJ
B:\MAKE\WIN32\FCWIZARD\X64\DEBUG\MOC_CREATEVDFADVANCED.OBJ
B:\MAKE\WIN32\FCWIZARD\X64\DEBUG\MOC_CREATEVDFCOMMENT.OBJ
B:\MAKE\WIN32\FCWIZARD\X64\DEBUG\MOC_CREATEVDFPAGE.OBJ
B:\MAKE\WIN32\FCWIZARD\X64\DEBUG\MOC_ERRORMESSAGE.OBJ
B:\MAKE\WIN32\FCWIZARD\X64\DEBUG\MOC_FCWIZARD.OBJ
B:\MAKE\WIN32\FCWIZARD\X64\DEBUG\MOC_INTROPAGE.OBJ
B:\MAKE\WIN32\FCWIZARD\X64\DEBUG\MOC_POPDATAADVANCED.OBJ
B:\MAKE\WIN32\FCWIZARD\X64\DEBUG\MOC_POPULATEDATAPAGE.OBJ
B:\MAKE\WIN32\FCWIZARD\X64\DEBUG\MOC_SELECTFILEPAGE.OBJ
B:\MAKE\WIN32\FCWIZARD\X64\DEBUG\MOC_VDFBADFILE.OBJ
B:\MAKE\WIN32\FCWIZARD\X64\DEBUG\POPDATAADVANCED.OBJ
B:\MAKE\WIN32\FCWIZARD\X64\DEBUG\POPULATEDATAPAGE.OBJ
B:\make\win32\fcwizard\x64\Debug\rc.command.1.tlog
B:\make\win32\fcwizard\x64\Debug\rc.read.1.tlog
B:\make\win32\fcwizard\x64\Debug\rc.write.1.tlog
B:\MAKE\WIN32\FCWIZARD\X64\DEBUG\SELECTFILEPAGE.OBJ
B:\make\win32\fcwizard\x64\Debug\vc100.idb
B:\MAKE\WIN32\FCWIZARD\X64\DEBUG\VC100.PDB
B:\MAKE\WIN32\FCWIZARD\X64\DEBUG\VDFBADFILE.OBJ
